# JRE version: OpenJDK Runtime Environment (21.0.7) (build 21.0.7+-13880790-b1038.58)
# Java VM: OpenJDK 64-Bit Server VM (21.0.7+-13880790-b1038.58, mixed mode, tiered, compressed oops, compressed class ptrs, g1 gc, windows-amd64)
GC Precious Log:
 CardTable entry size: 512
 Card Set container configuration: InlinePtr #cards 5 size 8 Array Of Cards #cards 12 size 40 Howl #buckets 4 coarsen threshold 1843 Howl Bitmap #cards 512 size 80 coarsen threshold 460 Card regions per heap region 1 cards per card region 2048
 CPUs: 8 total, 8 available
 Memory: 16221M
 Large Page Support: Disabled
 NUMA Support: Disabled
 Compressed Oops: Enabled (32-bit)
 Heap Region Size: 1M
 Heap Min Capacity: 8M
 Heap Initial Capacity: 254M
 Heap Max Capacity: 2G
 Pre-touch: Disabled
 Parallel Workers: 8
 Concurrent Workers: 2
 Concurrent Refinement Workers: 8
 Periodic GC: Disabled
Heap:
 garbage-first heap   total 270336K, used 222356K [0x0000000080000000, 0x0000000100000000)
  region size 1024K, 63 young (64512K), 5 survivors (5120K)
 Metaspace       used 120076K, committed 122368K, reserved 1179648K
  class space    used 16344K, committed 17472K, reserved 1048576K
GC Heap History (20 events):
Event: 9.245 GC heap before
{Heap before GC invocations=30 (full 0):
 garbage-first heap   total 183296K, used 166871K [0x0000000080000000, 0x0000000100000000)
  region size 1024K, 58 young (59392K), 5 survivors (5120K)
 Metaspace       used 81042K, committed 82816K, reserved 1179648K
  class space    used 11214K, committed 12096K, reserved 1048576K
}
Event: 9.250 GC heap after
{Heap after GC invocations=31 (full 0):
 garbage-first heap   total 183296K, used 113887K [0x0000000080000000, 0x0000000100000000)
  region size 1024K, 4 young (4096K), 4 survivors (4096K)
 Metaspace       used 81042K, committed 82816K, reserved 1179648K
  class space    used 11214K, committed 12096K, reserved 1048576K
}
Event: 9.563 GC heap before
{Heap before GC invocations=31 (full 0):
 garbage-first heap   total 183296K, used 167135K [0x0000000080000000, 0x0000000100000000)
  region size 1024K, 57 young (58368K), 4 survivors (4096K)
 Metaspace       used 81396K, committed 83264K, reserved 1179648K
  class space    used 11259K, committed 12160K, reserved 1048576K
}
Event: 9.567 GC heap after
{Heap after GC invocations=32 (full 0):
 garbage-first heap   total 183296K, used 115345K [0x0000000080000000, 0x0000000100000000)
  region size 1024K, 6 young (6144K), 6 survivors (6144K)
 Metaspace       used 81396K, committed 83264K, reserved 1179648K
  class space    used 11259K, committed 12160K, reserved 1048576K
}
Event: 10.196 GC heap before
{Heap before GC invocations=33 (full 0):
 garbage-first heap   total 194560K, used 165521K [0x0000000080000000, 0x0000000100000000)
  region size 1024K, 55 young (56320K), 6 survivors (6144K)
 Metaspace       used 89977K, committed 91840K, reserved 1179648K
  class space    used 12781K, committed 13696K, reserved 1048576K
}
Event: 10.200 GC heap after
{Heap after GC invocations=34 (full 0):
 garbage-first heap   total 194560K, used 117312K [0x0000000080000000, 0x0000000100000000)
  region size 1024K, 2 young (2048K), 2 survivors (2048K)
 Metaspace       used 89977K, committed 91840K, reserved 1179648K
  class space    used 12781K, committed 13696K, reserved 1048576K
}
Event: 10.819 GC heap before
{Heap before GC invocations=34 (full 0):
 garbage-first heap   total 194560K, used 187968K [0x0000000080000000, 0x0000000100000000)
  region size 1024K, 64 young (65536K), 2 survivors (2048K)
 Metaspace       used 97753K, committed 99712K, reserved 1179648K
  class space    used 13717K, committed 14656K, reserved 1048576K
}
Event: 10.825 GC heap after
{Heap after GC invocations=35 (full 0):
 garbage-first heap   total 196608K, used 127244K [0x0000000080000000, 0x0000000100000000)
  region size 1024K, 6 young (6144K), 6 survivors (6144K)
 Metaspace       used 97753K, committed 99712K, reserved 1179648K
  class space    used 13717K, committed 14656K, reserved 1048576K
}
Event: 10.912 GC heap before
{Heap before GC invocations=35 (full 0):
 garbage-first heap   total 196608K, used 147724K [0x0000000080000000, 0x0000000100000000)
  region size 1024K, 27 young (27648K), 6 survivors (6144K)
 Metaspace       used 97862K, committed 99840K, reserved 1179648K
  class space    used 13721K, committed 14656K, reserved 1048576K
}
Event: 10.921 GC heap after
{Heap after GC invocations=36 (full 0):
 garbage-first heap   total 236544K, used 136036K [0x0000000080000000, 0x0000000100000000)
  region size 1024K, 7 young (7168K), 7 survivors (7168K)
 Metaspace       used 97862K, committed 99840K, reserved 1179648K
  class space    used 13721K, committed 14656K, reserved 1048576K
}
Event: 10.963 GC heap before
{Heap before GC invocations=36 (full 0):
 garbage-first heap   total 236544K, used 143204K [0x0000000080000000, 0x0000000100000000)
  region size 1024K, 14 young (14336K), 7 survivors (7168K)
 Metaspace       used 97872K, committed 99840K, reserved 1179648K
  class space    used 13722K, committed 14656K, reserved 1048576K
}
Event: 10.970 GC heap after
{Heap after GC invocations=37 (full 0):
 garbage-first heap   total 236544K, used 133351K [0x0000000080000000, 0x0000000100000000)
  region size 1024K, 3 young (3072K), 3 survivors (3072K)
 Metaspace       used 97872K, committed 99840K, reserved 1179648K
  class space    used 13722K, committed 14656K, reserved 1048576K
}
Event: 11.408 GC heap before
{Heap before GC invocations=38 (full 0):
 garbage-first heap   total 236544K, used 192743K [0x0000000080000000, 0x0000000100000000)
  region size 1024K, 58 young (59392K), 3 survivors (3072K)
 Metaspace       used 99568K, committed 101504K, reserved 1179648K
  class space    used 13953K, committed 14912K, reserved 1048576K
}
Event: 11.415 GC heap after
{Heap after GC invocations=39 (full 0):
 garbage-first heap   total 236544K, used 142798K [0x0000000080000000, 0x0000000100000000)
  region size 1024K, 8 young (8192K), 8 survivors (8192K)
 Metaspace       used 99568K, committed 101504K, reserved 1179648K
  class space    used 13953K, committed 14912K, reserved 1048576K
}
Event: 11.928 GC heap before
{Heap before GC invocations=39 (full 0):
 garbage-first heap   total 236544K, used 206286K [0x0000000080000000, 0x0000000100000000)
  region size 1024K, 60 young (61440K), 8 survivors (8192K)
 Metaspace       used 105388K, committed 107328K, reserved 1179648K
  class space    used 14568K, committed 15488K, reserved 1048576K
}
Event: 11.937 GC heap after
{Heap after GC invocations=40 (full 0):
 garbage-first heap   total 236544K, used 157735K [0x0000000080000000, 0x0000000100000000)
  region size 1024K, 6 young (6144K), 6 survivors (6144K)
 Metaspace       used 105388K, committed 107328K, reserved 1179648K
  class space    used 14568K, committed 15488K, reserved 1048576K
}
Event: 12.307 GC heap before
{Heap before GC invocations=40 (full 0):
 garbage-first heap   total 236544K, used 204839K [0x0000000080000000, 0x0000000100000000)
  region size 1024K, 52 young (53248K), 6 survivors (6144K)
 Metaspace       used 111419K, committed 113664K, reserved 1179648K
  class space    used 15254K, committed 16384K, reserved 1048576K
}
Event: 12.311 GC heap after
{Heap after GC invocations=41 (full 0):
 garbage-first heap   total 236544K, used 160447K [0x0000000080000000, 0x0000000100000000)
  region size 1024K, 3 young (3072K), 3 survivors (3072K)
 Metaspace       used 111419K, committed 113664K, reserved 1179648K
  class space    used 15254K, committed 16384K, reserved 1048576K
}
Event: 14.040 GC heap before
{Heap before GC invocations=42 (full 0):
 garbage-first heap   total 270336K, used 209599K [0x0000000080000000, 0x0000000100000000)
  region size 1024K, 51 young (52224K), 3 survivors (3072K)
 Metaspace       used 117957K, committed 120256K, reserved 1179648K
  class space    used 16080K, committed 17216K, reserved 1048576K
}
Event: 14.045 GC heap after
{Heap after GC invocations=43 (full 0):
 garbage-first heap   total 270336K, used 162964K [0x0000000080000000, 0x0000000100000000)
  region size 1024K, 5 young (5120K), 5 survivors (5120K)
 Metaspace       used 117957K, committed 120256K, reserved 1179648K
  class space    used 16080K, committed 17216K, reserved 1048576K
}

