# JRE version: OpenJDK Runtime Environment (21.0.7) (build 21.0.7+-13880790-b1038.58)
# Java VM: OpenJDK 64-Bit Server VM (21.0.7+-13880790-b1038.58, mixed mode, tiered, compressed oops, compressed class ptrs, g1 gc, windows-amd64)
GC Precious Log:
 CardTable entry size: 512
 Card Set container configuration: InlinePtr #cards 5 size 8 Array Of Cards #cards 12 size 40 Howl #buckets 4 coarsen threshold 1843 Howl Bitmap #cards 512 size 80 coarsen threshold 460 Card regions per heap region 1 cards per card region 2048
 CPUs: 8 total, 8 available
 Memory: 16221M
 Large Page Support: Disabled
 NUMA Support: Disabled
 Compressed Oops: Enabled (32-bit)
 Heap Region Size: 1M
 Heap Min Capacity: 8M
 Heap Initial Capacity: 254M
 Heap Max Capacity: 2G
 Pre-touch: Disabled
 Parallel Workers: 8
 Concurrent Workers: 2
 Concurrent Refinement Workers: 8
 Periodic GC: Disabled
Heap:
 garbage-first heap   total 254976K, used 175399K [0x0000000080000000, 0x0000000100000000)
  region size 1024K, 28 young (28672K), 7 survivors (7168K)
 Metaspace       used 113808K, committed 116032K, reserved 1179648K
  class space    used 15506K, committed 16640K, reserved 1048576K
GC Heap History (20 events):
Event: 8.874 GC heap before
{Heap before GC invocations=28 (full 0):
 garbage-first heap   total 178176K, used 160084K [0x0000000080000000, 0x0000000100000000)
  region size 1024K, 58 young (59392K), 4 survivors (4096K)
 Metaspace       used 74232K, committed 76032K, reserved 1114112K
  class space    used 10266K, committed 11136K, reserved 1048576K
}
Event: 8.878 GC heap after
{Heap after GC invocations=29 (full 0):
 garbage-first heap   total 178176K, used 105408K [0x0000000080000000, 0x0000000100000000)
  region size 1024K, 5 young (5120K), 5 survivors (5120K)
 Metaspace       used 74232K, committed 76032K, reserved 1114112K
  class space    used 10266K, committed 11136K, reserved 1048576K
}
Event: 9.500 GC heap before
{Heap before GC invocations=29 (full 0):
 garbage-first heap   total 178176K, used 161728K [0x0000000080000000, 0x0000000100000000)
  region size 1024K, 60 young (61440K), 5 survivors (5120K)
 Metaspace       used 80848K, committed 82688K, reserved 1179648K
  class space    used 11575K, committed 12480K, reserved 1048576K
}
Event: 9.504 GC heap after
{Heap after GC invocations=30 (full 0):
 garbage-first heap   total 178176K, used 107637K [0x0000000080000000, 0x0000000100000000)
  region size 1024K, 6 young (6144K), 6 survivors (6144K)
 Metaspace       used 80848K, committed 82688K, reserved 1179648K
  class space    used 11575K, committed 12480K, reserved 1048576K
}
Event: 10.024 GC heap before
{Heap before GC invocations=31 (full 0):
 garbage-first heap   total 181248K, used 160885K [0x0000000080000000, 0x0000000100000000)
  region size 1024K, 58 young (59392K), 6 survivors (6144K)
 Metaspace       used 88384K, committed 90240K, reserved 1179648K
  class space    used 12525K, committed 13440K, reserved 1048576K
}
Event: 10.029 GC heap after
{Heap after GC invocations=32 (full 0):
 garbage-first heap   total 181248K, used 109374K [0x0000000080000000, 0x0000000100000000)
  region size 1024K, 7 young (7168K), 7 survivors (7168K)
 Metaspace       used 88384K, committed 90240K, reserved 1179648K
  class space    used 12525K, committed 13440K, reserved 1048576K
}
Event: 10.449 GC heap before
{Heap before GC invocations=32 (full 0):
 garbage-first heap   total 181248K, used 169790K [0x0000000080000000, 0x0000000100000000)
  region size 1024K, 59 young (60416K), 7 survivors (7168K)
 Metaspace       used 91227K, committed 93248K, reserved 1179648K
  class space    used 12834K, committed 13824K, reserved 1048576K
}
Event: 10.463 GC heap after
{Heap after GC invocations=33 (full 0):
 garbage-first heap   total 192512K, used 122065K [0x0000000080000000, 0x0000000100000000)
  region size 1024K, 8 young (8192K), 8 survivors (8192K)
 Metaspace       used 91227K, committed 93248K, reserved 1179648K
  class space    used 12834K, committed 13824K, reserved 1048576K
}
Event: 10.467 GC heap before
{Heap before GC invocations=33 (full 0):
 garbage-first heap   total 192512K, used 122065K [0x0000000080000000, 0x0000000100000000)
  region size 1024K, 9 young (9216K), 8 survivors (8192K)
 Metaspace       used 91227K, committed 93248K, reserved 1179648K
  class space    used 12834K, committed 13824K, reserved 1048576K
}
Event: 10.474 GC heap after
{Heap after GC invocations=34 (full 0):
 garbage-first heap   total 234496K, used 123890K [0x0000000080000000, 0x0000000100000000)
  region size 1024K, 2 young (2048K), 2 survivors (2048K)
 Metaspace       used 91227K, committed 93248K, reserved 1179648K
  class space    used 12834K, committed 13824K, reserved 1048576K
}
Event: 10.502 GC heap before
{Heap before GC invocations=34 (full 0):
 garbage-first heap   total 234496K, used 130034K [0x0000000080000000, 0x0000000100000000)
  region size 1024K, 8 young (8192K), 2 survivors (2048K)
 Metaspace       used 91227K, committed 93248K, reserved 1179648K
  class space    used 12834K, committed 13824K, reserved 1048576K
}
Event: 10.504 GC heap after
{Heap after GC invocations=35 (full 0):
 garbage-first heap   total 234496K, used 125952K [0x0000000080000000, 0x0000000100000000)
  region size 1024K, 3 young (3072K), 3 survivors (3072K)
 Metaspace       used 91227K, committed 93248K, reserved 1179648K
  class space    used 12834K, committed 13824K, reserved 1048576K
}
Event: 11.054 GC heap before
{Heap before GC invocations=36 (full 0):
 garbage-first heap   total 234496K, used 194560K [0x0000000080000000, 0x0000000100000000)
  region size 1024K, 68 young (69632K), 3 survivors (3072K)
 Metaspace       used 95161K, committed 97088K, reserved 1179648K
  class space    used 13308K, committed 14272K, reserved 1048576K
}
Event: 11.061 GC heap after
{Heap after GC invocations=37 (full 0):
 garbage-first heap   total 234496K, used 133695K [0x0000000080000000, 0x0000000100000000)
  region size 1024K, 9 young (9216K), 9 survivors (9216K)
 Metaspace       used 95161K, committed 97088K, reserved 1179648K
  class space    used 13308K, committed 14272K, reserved 1048576K
}
Event: 11.610 GC heap before
{Heap before GC invocations=37 (full 0):
 garbage-first heap   total 234496K, used 205375K [0x0000000080000000, 0x0000000100000000)
  region size 1024K, 69 young (70656K), 9 survivors (9216K)
 Metaspace       used 101873K, committed 103808K, reserved 1179648K
  class space    used 13941K, committed 14912K, reserved 1048576K
}
Event: 11.619 GC heap after
{Heap after GC invocations=38 (full 0):
 garbage-first heap   total 234496K, used 147917K [0x0000000080000000, 0x0000000100000000)
  region size 1024K, 6 young (6144K), 6 survivors (6144K)
 Metaspace       used 101873K, committed 103808K, reserved 1179648K
  class space    used 13941K, committed 14912K, reserved 1048576K
}
Event: 12.097 GC heap before
{Heap before GC invocations=38 (full 0):
 garbage-first heap   total 234496K, used 204237K [0x0000000080000000, 0x0000000100000000)
  region size 1024K, 61 young (62464K), 6 survivors (6144K)
 Metaspace       used 109094K, committed 111296K, reserved 1179648K
  class space    used 14892K, committed 16000K, reserved 1048576K
}
Event: 12.103 GC heap after
{Heap after GC invocations=39 (full 0):
 garbage-first heap   total 234496K, used 151718K [0x0000000080000000, 0x0000000100000000)
  region size 1024K, 4 young (4096K), 4 survivors (4096K)
 Metaspace       used 109094K, committed 111296K, reserved 1179648K
  class space    used 14892K, committed 16000K, reserved 1048576K
}
Event: 12.523 GC heap before
{Heap before GC invocations=40 (full 0):
 garbage-first heap   total 254976K, used 210086K [0x0000000080000000, 0x0000000100000000)
  region size 1024K, 60 young (61440K), 4 survivors (4096K)
 Metaspace       used 113344K, committed 115584K, reserved 1179648K
  class space    used 15458K, committed 16576K, reserved 1048576K
}
Event: 12.528 GC heap after
{Heap after GC invocations=41 (full 0):
 garbage-first heap   total 254976K, used 154919K [0x0000000080000000, 0x0000000100000000)
  region size 1024K, 7 young (7168K), 7 survivors (7168K)
 Metaspace       used 113344K, committed 115584K, reserved 1179648K
  class space    used 15458K, committed 16576K, reserved 1048576K
}

